mktextfm ecrm1095
mktextfm eccc1095
mktextfm eccc1728
mktextfm eccc1440
mktextfm ecrm2074
mktextfm ecbx2074
mktextfm ecrm1200
mktextfm ecti1200
mktextfm eccc1200
mktextfm tcrm1095
mktextfm tcrm0800
mktextfm tcrm0600
mktextfm ecbx1095
mktextfm ecrm2488
mktextfm ecbx2488
mktextfm ecrm1440
mktextfm ecbx1440
mktextfm ecbx1200
mktextfm ecrm0800
mktextfm eccc0800
mktextfm ecrm0600
mktextfm eccc0600
mktextfm ecss1095
mktextfm ecss0800
mktextfm tcrm0500
mktextfm ecss0600
mktextfm ecti1095
mktextfm ecrm1095
mktextfm eccc1095
mktextfm eccc1728
mktextfm eccc1440
mktextfm ecrm2074
mktextfm ecbx2074
mktextfm ecrm1200
mktextfm ecti1200
mktextfm eccc1200
mktextfm tcrm1095
mktextfm tcrm0800
mktextfm tcrm0600
mktextfm ecbx1095
mktextfm ecrm2488
mktextfm ecbx2488
mktextfm ecrm1440
mktextfm ecbx1440
mktextfm ecbx1200
mktextfm ecrm0800
mktextfm eccc0800
mktextfm ecrm0600
mktextfm eccc0600
mktextfm ecss1095
mktextfm ecss0800
mktextfm tcrm0500
mktextfm ecss0600
mktextfm ecti1095
mktextfm ecrm1095
mktextfm eccc1095
mktextfm eccc1728
mktextfm eccc1440
mktextfm ecrm2074
mktextfm ecbx2074
mktextfm ecrm1200
mktextfm ecti1200
mktextfm eccc1200
mktextfm tcrm1095
mktextfm tcrm0800
mktextfm tcrm0600
mktextfm ecbx1095
mktextfm ecrm2488
mktextfm ecbx2488
mktextfm ecrm1440
mktextfm ecbx1440
mktextfm ecbx1200
mktextfm ecrm0800
mktextfm eccc0800
mktextfm ecrm0600
mktextfm eccc0600
mktextfm ecss1095
mktextfm ecss0800
mktextfm tcrm0500
mktextfm ecss0600
mktextfm ecti1095
mktextfm ecrm1095
mktextfm eccc1095
mktextfm eccc1728
mktextfm eccc1440
mktextfm ecrm2074
mktextfm ecbx2074
mktextfm ecrm1200
mktextfm ecti1200
mktextfm eccc1200
mktextfm tcrm1095
mktextfm tcrm0800
mktextfm tcrm0600
mktextfm ecbx1095
mktextfm ecrm2488
mktextfm ecbx2488
mktextfm ecrm1440
mktextfm ecbx1440
mktextfm ecbx1200
mktextfm ecrm0800
mktextfm eccc0800
mktextfm ecrm0600
mktextfm eccc0600
mktextfm ecss1095
mktextfm ecss0800
mktextfm tcrm0500
mktextfm ecss0600
mktextfm ecti1095
mktextfm ecrm1095
mktextfm eccc1095
mktextfm eccc1728
mktextfm eccc1440
mktextfm ecrm2074
mktextfm ecbx2074
mktextfm ecrm1200
mktextfm ecti1200
mktextfm eccc1200
mktextfm tcrm1095
mktextfm tcrm0800
mktextfm tcrm0600
mktextfm ecbx1095
mktextfm ecrm2488
mktextfm ecbx2488
mktextfm ecrm1440
mktextfm ecbx1440
mktextfm ecbx1200
mktextfm ecrm0800
mktextfm eccc0800
mktextfm ecrm0600
mktextfm eccc0600
mktextfm ecss1095
mktextfm ecss0800
mktextfm tcrm0500
mktextfm ecss0600
mktextfm ecti1095
