This is pdfTeX, Version 3.14159265-2.6-1.40.16 (TeX Live 2015/Debian) (preloaded format=pdflatex 2019.6.20)  1 APR 2020 20:41
entering extended mode
 restricted \write18 enabled.
 file:line:error style messages enabled.
 %&-line parsing enabled.
**"/media/jeffrey/hdd1/dev/hair-rendering-thesis/docs/tmp/Thesis 16 aug 2016/thesis/thesis.tex"
(/media/jeffrey/hdd1/dev/hair-rendering-thesis/docs/tmp/Thesis 16 aug 2016/thesis/thesis.tex
LaTeX2e <2016/02/01>
Babel <3.9q> and hyphenation patterns for 81 language(s) loaded.
(/usr/share/texlive/texmf-dist/tex/latex/base/report.cls
Document Class: report 2014/09/29 v1.4h Standard LaTeX document class
(/usr/share/texlive/texmf-dist/tex/latex/base/size11.clo
File: size11.clo 2014/09/29 v1.4h Standard LaTeX file (size option)
)
\c@part=\count79
\c@chapter=\count80
\c@section=\count81
\c@subsection=\count82
\c@subsubsection=\count83
\c@paragraph=\count84
\c@subparagraph=\count85
\c@figure=\count86
\c@table=\count87
\abovecaptionskip=\skip41
\belowcaptionskip=\skip42
\bibindent=\dimen102
) (/usr/share/texlive/texmf-dist/tex/latex/base/inputenc.sty
Package: inputenc 2015/03/17 v1.2c Input encoding file
\inpenc@prehook=\toks14
\inpenc@posthook=\toks15
 (/usr/share/texlive/texmf-dist/tex/latex/base/utf8.def
File: utf8.def 2015/12/03 v1.1r UTF-8 support for inputenc
Now handling font encoding OML ...
... no UTF-8 mapping file for font encoding OML
Now handling font encoding T1 ...
... processing UTF-8 mapping file for font encoding T1
 (/usr/share/texlive/texmf-dist/tex/latex/base/t1enc.dfu
File: t1enc.dfu 2015/12/03 v1.1r UTF-8 support for inputenc
   defining Unicode char U+00A0 (decimal 160)
   defining Unicode char U+00A1 (decimal 161)
   defining Unicode char U+00A3 (decimal 163)
   defining Unicode char U+00AB (decimal 171)
   defining Unicode char U+00AD (decimal 173)
   defining Unicode char U+00BB (decimal 187)
   defining Unicode char U+00BF (decimal 191)
   defining Unicode char U+00C0 (decimal 192)
   defining Unicode char U+00C1 (decimal 193)
   defining Unicode char U+00C2 (decimal 194)
   defining Unicode char U+00C3 (decimal 195)
   defining Unicode char U+00C4 (decimal 196)
   defining Unicode char U+00C5 (decimal 197)
   defining Unicode char U+00C6 (decimal 198)
   defining Unicode char U+00C7 (decimal 199)
   defining Unicode char U+00C8 (decimal 200)
   defining Unicode char U+00C9 (decimal 201)
   defining Unicode char U+00CA (decimal 202)
   defining Unicode char U+00CB (decimal 203)
   defining Unicode char U+00CC (decimal 204)
   defining Unicode char U+00CD (decimal 205)
   defining Unicode char U+00CE (decimal 206)
   defining Unicode char U+00CF (decimal 207)
   defining Unicode char U+00D0 (decimal 208)
   defining Unicode char U+00D1 (decimal 209)
   defining Unicode char U+00D2 (decimal 210)
   defining Unicode char U+00D3 (decimal 211)
   defining Unicode char U+00D4 (decimal 212)
   defining Unicode char U+00D5 (decimal 213)
   defining Unicode char U+00D6 (decimal 214)
   defining Unicode char U+00D8 (decimal 216)
   defining Unicode char U+00D9 (decimal 217)
   defining Unicode char U+00DA (decimal 218)
   defining Unicode char U+00DB (decimal 219)
   defining Unicode char U+00DC (decimal 220)
   defining Unicode char U+00DD (decimal 221)
   defining Unicode char U+00DE (decimal 222)
   defining Unicode char U+00DF (decimal 223)
   defining Unicode char U+00E0 (decimal 224)
   defining Unicode char U+00E1 (decimal 225)
   defining Unicode char U+00E2 (decimal 226)
   defining Unicode char U+00E3 (decimal 227)
   defining Unicode char U+00E4 (decimal 228)
   defining Unicode char U+00E5 (decimal 229)
   defining Unicode char U+00E6 (decimal 230)
   defining Unicode char U+00E7 (decimal 231)
   defining Unicode char U+00E8 (decimal 232)
   defining Unicode char U+00E9 (decimal 233)
   defining Unicode char U+00EA (decimal 234)
   defining Unicode char U+00EB (decimal 235)
   defining Unicode char U+00EC (decimal 236)
   defining Unicode char U+00ED (decimal 237)
   defining Unicode char U+00EE (decimal 238)
   defining Unicode char U+00EF (decimal 239)
   defining Unicode char U+00F0 (decimal 240)
   defining Unicode char U+00F1 (decimal 241)
   defining Unicode char U+00F2 (decimal 242)
   defining Unicode char U+00F3 (decimal 243)
   defining Unicode char U+00F4 (decimal 244)
   defining Unicode char U+00F5 (decimal 245)
   defining Unicode char U+00F6 (decimal 246)
   defining Unicode char U+00F8 (decimal 248)
   defining Unicode char U+00F9 (decimal 249)
   defining Unicode char U+00FA (decimal 250)
   defining Unicode char U+00FB (decimal 251)
   defining Unicode char U+00FC (decimal 252)
   defining Unicode char U+00FD (decimal 253)
   defining Unicode char U+00FE (decimal 254)
   defining Unicode char U+00FF (decimal 255)
   defining Unicode char U+0100 (decimal 256)
   defining Unicode char U+0101 (decimal 257)
   defining Unicode char U+0102 (decimal 258)
   defining Unicode char U+0103 (decimal 259)
   defining Unicode char U+0104 (decimal 260)
   defining Unicode char U+0105 (decimal 261)
   defining Unicode char U+0106 (decimal 262)
   defining Unicode char U+0107 (decimal 263)
   defining Unicode char U+0108 (decimal 264)
   defining Unicode char U+0109 (decimal 265)
   defining Unicode char U+010A (decimal 266)
   defining Unicode char U+010B (decimal 267)
   defining Unicode char U+010C (decimal 268)
   defining Unicode char U+010D (decimal 269)
   defining Unicode char U+010E (decimal 270)
   defining Unicode char U+010F (decimal 271)
   defining Unicode char U+0110 (decimal 272)
   defining Unicode char U+0111 (decimal 273)
   defining Unicode char U+0112 (decimal 274)
   defining Unicode char U+0113 (decimal 275)
   defining Unicode char U+0114 (decimal 276)
   defining Unicode char U+0115 (decimal 277)
   defining Unicode char U+0116 (decimal 278)
   defining Unicode char U+0117 (decimal 279)
   defining Unicode char U+0118 (decimal 280)
   defining Unicode char U+0119 (decimal 281)
   defining Unicode char U+011A (decimal 282)
   defining Unicode char U+011B (decimal 283)
   defining Unicode char U+011C (decimal 284)
   defining Unicode char U+011D (decimal 285)
   defining Unicode char U+011E (decimal 286)
   defining Unicode char U+011F (decimal 287)
   defining Unicode char U+0120 (decimal 288)
   defining Unicode char U+0121 (decimal 289)
   defining Unicode char U+0122 (decimal 290)
   defining Unicode char U+0123 (decimal 291)
   defining Unicode char U+0124 (decimal 292)
   defining Unicode char U+0125 (decimal 293)
   defining Unicode char U+0128 (decimal 296)
   defining Unicode char U+0129 (decimal 297)
   defining Unicode char U+012A (decimal 298)
   defining Unicode char U+012B (decimal 299)
   defining Unicode char U+012C (decimal 300)
   defining Unicode char U+012D (decimal 301)
   defining Unicode char U+012E (decimal 302)
   defining Unicode char U+012F (decimal 303)
   defining Unicode char U+0130 (decimal 304)
   defining Unicode char U+0131 (decimal 305)
   defining Unicode char U+0132 (decimal 306)
   defining Unicode char U+0133 (decimal 307)
   defining Unicode char U+0134 (decimal 308)
   defining Unicode char U+0135 (decimal 309)
   defining Unicode char U+0136 (decimal 310)
   defining Unicode char U+0137 (decimal 311)
   defining Unicode char U+0139 (decimal 313)
   defining Unicode char U+013A (decimal 314)
   defining Unicode char U+013B (decimal 315)
   defining Unicode char U+013C (decimal 316)
   defining Unicode char U+013D (decimal 317)
   defining Unicode char U+013E (decimal 318)
   defining Unicode char U+0141 (decimal 321)
   defining Unicode char U+0142 (decimal 322)
   defining Unicode char U+0143 (decimal 323)
   defining Unicode char U+0144 (decimal 324)
   defining Unicode char U+0145 (decimal 325)
   defining Unicode char U+0146 (decimal 326)
   defining Unicode char U+0147 (decimal 327)
   defining Unicode char U+0148 (decimal 328)
   defining Unicode char U+014A (decimal 330)
   defining Unicode char U+014B (decimal 331)
   defining Unicode char U+014C (decimal 332)
   defining Unicode char U+014D (decimal 333)
   defining Unicode char U+014E (decimal 334)
   defining Unicode char U+014F (decimal 335)
   defining Unicode char U+0150 (decimal 336)
   defining Unicode char U+0151 (decimal 337)
   defining Unicode char U+0152 (decimal 338)
   defining Unicode char U+0153 (decimal 339)
   defining Unicode char U+0154 (decimal 340)
   defining Unicode char U+0155 (decimal 341)
   defining Unicode char U+0156 (decimal 342)
   defining Unicode char U+0157 (decimal 343)
   defining Unicode char U+0158 (decimal 344)
   defining Unicode char U+0159 (decimal 345)
   defining Unicode char U+015A (decimal 346)
   defining Unicode char U+015B (decimal 347)
   defining Unicode char U+015C (decimal 348)
   defining Unicode char U+015D (decimal 349)
   defining Unicode char U+015E (decimal 350)
   defining Unicode char U+015F (decimal 351)
   defining Unicode char U+0160 (decimal 352)
   defining Unicode char U+0161 (decimal 353)
   defining Unicode char U+0162 (decimal 354)
   defining Unicode char U+0163 (decimal 355)
   defining Unicode char U+0164 (decimal 356)
   defining Unicode char U+0165 (decimal 357)
   defining Unicode char U+0168 (decimal 360)
   defining Unicode char U+0169 (decimal 361)
   defining Unicode char U+016A (decimal 362)
   defining Unicode char U+016B (decimal 363)
   defining Unicode char U+016C (decimal 364)
   defining Unicode char U+016D (decimal 365)
   defining Unicode char U+016E (decimal 366)
   defining Unicode char U+016F (decimal 367)
   defining Unicode char U+0170 (decimal 368)
   defining Unicode char U+0171 (decimal 369)
   defining Unicode char U+0172 (decimal 370)
   defining Unicode char U+0173 (decimal 371)
   defining Unicode char U+0174 (decimal 372)
   defining Unicode char U+0175 (decimal 373)
   defining Unicode char U+0176 (decimal 374)
   defining Unicode char U+0177 (decimal 375)
   defining Unicode char U+0178 (decimal 376)
   defining Unicode char U+0179 (decimal 377)
   defining Unicode char U+017A (decimal 378)
   defining Unicode char U+017B (decimal 379)
   defining Unicode char U+017C (decimal 380)
   defining Unicode char U+017D (decimal 381)
   defining Unicode char U+017E (decimal 382)
   defining Unicode char U+01CD (decimal 461)
   defining Unicode char U+01CE (decimal 462)
   defining Unicode char U+01CF (decimal 463)
   defining Unicode char U+01D0 (decimal 464)
   defining Unicode char U+01D1 (decimal 465)
   defining Unicode char U+01D2 (decimal 466)
   defining Unicode char U+01D3 (decimal 467)
   defining Unicode char U+01D4 (decimal 468)
   defining Unicode char U+01E2 (decimal 482)
   defining Unicode char U+01E3 (decimal 483)
   defining Unicode char U+01E6 (decimal 486)
   defining Unicode char U+01E7 (decimal 487)
   defining Unicode char U+01E8 (decimal 488)
   defining Unicode char U+01E9 (decimal 489)
   defining Unicode char U+01EA (decimal 490)
   defining Unicode char U+01EB (decimal 491)
   defining Unicode char U+01F0 (decimal 496)
   defining Unicode char U+01F4 (decimal 500)
   defining Unicode char U+01F5 (decimal 501)
   defining Unicode char U+0218 (decimal 536)
   defining Unicode char U+0219 (decimal 537)
   defining Unicode char U+021A (decimal 538)
   defining Unicode char U+021B (decimal 539)
   defining Unicode char U+01E02 (decimal 7682)
   defining Unicode char U+01E03 (decimal 7683)
   defining Unicode char U+200C (decimal 8204)
   defining Unicode char U+2013 (decimal 8211)
   defining Unicode char U+2014 (decimal 8212)
   defining Unicode char U+2018 (decimal 8216)
   defining Unicode char U+2019 (decimal 8217)
   defining Unicode char U+201A (decimal 8218)
   defining Unicode char U+201C (decimal 8220)
   defining Unicode char U+201D (decimal 8221)
   defining Unicode char U+201E (decimal 8222)
   defining Unicode char U+2030 (decimal 8240)
   defining Unicode char U+2031 (decimal 8241)
   defining Unicode char U+2039 (decimal 8249)
   defining Unicode char U+203A (decimal 8250)
   defining Unicode char U+2423 (decimal 9251)
)
Now handling font encoding OT1 ...
... processing UTF-8 mapping file for font encoding OT1
 (/usr/share/texlive/texmf-dist/tex/latex/base/ot1enc.dfu
File: ot1enc.dfu 2015/12/03 v1.1r UTF-8 support for inputenc
   defining Unicode char U+00A0 (decimal 160)
   defining Unicode char U+00A1 (decimal 161)
   defining Unicode char U+00A3 (decimal 163)
   defining Unicode char U+00AD (decimal 173)
   defining Unicode char U+00B8 (decimal 184)
   defining Unicode char U+00BF (decimal 191)
   defining Unicode char U+00C5 (decimal 197)
   defining Unicode char U+00C6 (decimal 198)
   defining Unicode char U+00D8 (decimal 216)
   defining Unicode char U+00DF (decimal 223)
   defining Unicode char U+00E6 (decimal 230)
   defining Unicode char U+00EC (decimal 236)
   defining Unicode char U+00ED (decimal 237)
   defining Unicode char U+00EE (decimal 238)
   defining Unicode char U+00EF (decimal 239)
   defining Unicode char U+00F8 (decimal 248)
   defining Unicode char U+0131 (decimal 305)
   defining Unicode char U+0141 (decimal 321)
   defining Unicode char U+0142 (decimal 322)
   defining Unicode char U+0152 (decimal 338)
   defining Unicode char U+0153 (decimal 339)
   defining Unicode char U+0174 (decimal 372)
   defining Unicode char U+0175 (decimal 373)
   defining Unicode char U+0176 (decimal 374)
   defining Unicode char U+0177 (decimal 375)
   defining Unicode char U+0218 (decimal 536)
   defining Unicode char U+0219 (decimal 537)
   defining Unicode char U+021A (decimal 538)
   defining Unicode char U+021B (decimal 539)
   defining Unicode char U+2013 (decimal 8211)
   defining Unicode char U+2014 (decimal 8212)
   defining Unicode char U+2018 (decimal 8216)
   defining Unicode char U+2019 (decimal 8217)
   defining Unicode char U+201C (decimal 8220)
   defining Unicode char U+201D (decimal 8221)
)
Now handling font encoding OMS ...
... processing UTF-8 mapping file for font encoding OMS
 (/usr/share/texlive/texmf-dist/tex/latex/base/omsenc.dfu
File: omsenc.dfu 2015/12/03 v1.1r UTF-8 support for inputenc
   defining Unicode char U+00A7 (decimal 167)
   defining Unicode char U+00B6 (decimal 182)
   defining Unicode char U+00B7 (decimal 183)
   defining Unicode char U+2020 (decimal 8224)
   defining Unicode char U+2021 (decimal 8225)
   defining Unicode char U+2022 (decimal 8226)
)
Now handling font encoding OMX ...
... no UTF-8 mapping file for font encoding OMX
Now handling font encoding U ...
... no UTF-8 mapping file for font encoding U
   defining Unicode char U+00A9 (decimal 169)
   defining Unicode char U+00AA (decimal 170)
   defining Unicode char U+00AE (decimal 174)
   defining Unicode char U+00BA (decimal 186)
   defining Unicode char U+02C6 (decimal 710)
   defining Unicode char U+02DC (decimal 732)
   defining Unicode char U+200C (decimal 8204)
   defining Unicode char U+2026 (decimal 8230)
   defining Unicode char U+2122 (decimal 8482)
   defining Unicode char U+2423 (decimal 9251)
)) (/usr/share/texlive/texmf-dist/tex/latex/amsmath/amsmath.sty
Package: amsmath 2016/03/03 v2.15a AMS math features
\@mathmargin=\skip43

For additional information on amsmath, use the `?' option.
(/usr/share/texlive/texmf-dist/tex/latex/amsmath/amstext.sty
Package: amstext 2000/06/29 v2.01 AMS text
 (/usr/share/texlive/texmf-dist/tex/latex/amsmath/amsgen.sty
File: amsgen.sty 1999/11/30 v2.0 generic functions
\@emptytoks=\toks16
\ex@=\dimen103
)) (/usr/share/texlive/texmf-dist/tex/latex/amsmath/amsbsy.sty
Package: amsbsy 1999/11/29 v1.2d Bold Symbols
\pmbraise@=\dimen104
) (/usr/share/texlive/texmf-dist/tex/latex/amsmath/amsopn.sty
Package: amsopn 1999/12/14 v2.01 operator names
)
\inf@bad=\count88
LaTeX Info: Redefining \frac on input line 199.
\uproot@=\count89
\leftroot@=\count90
LaTeX Info: Redefining \overline on input line 297.
\classnum@=\count91
\DOTSCASE@=\count92
LaTeX Info: Redefining \ldots on input line 394.
LaTeX Info: Redefining \dots on input line 397.
LaTeX Info: Redefining \cdots on input line 518.
\Mathstrutbox@=\box26
\strutbox@=\box27
\big@size=\dimen105
LaTeX Font Info:    Redeclaring font encoding OML on input line 630.
LaTeX Font Info:    Redeclaring font encoding OMS on input line 631.
\macc@depth=\count93
\c@MaxMatrixCols=\count94
\dotsspace@=\muskip10
\c@parentequation=\count95
\dspbrk@lvl=\count96
\tag@help=\toks17
\row@=\count97
\column@=\count98
\maxfields@=\count99
\andhelp@=\toks18
\eqnshift@=\dimen106
\alignsep@=\dimen107
\tagshift@=\dimen108
\tagwidth@=\dimen109
\totwidth@=\dimen110
\lineht@=\dimen111
\@envbody=\toks19
\multlinegap=\skip44
\multlinetaggap=\skip45
\mathdisplay@stack=\toks20
LaTeX Info: Redefining \[ on input line 2735.
LaTeX Info: Redefining \] on input line 2736.
) (/usr/share/texlive/texmf-dist/tex/latex/amsfonts/amsfonts.sty
Package: amsfonts 2013/01/14 v3.01 Basic AMSFonts support
\symAMSa=\mathgroup4
\symAMSb=\mathgroup5
LaTeX Font Info:    Overwriting math alphabet `\mathfrak' in version `bold'
(Font)                  U/euf/m/n --> U/euf/b/n on input line 106.
) (/usr/share/texlive/texmf-dist/tex/latex/amsfonts/amssymb.sty
Package: amssymb 2013/01/14 v3.01 AMS font symbols
) (/usr/share/texlive/texmf-dist/tex/latex/base/fontenc.sty
Package: fontenc 2005/09/27 v1.99g Standard LaTeX package
 (/usr/share/texlive/texmf-dist/tex/latex/base/t1enc.def
File: t1enc.def 2005/09/27 v1.99g Standard LaTeX file
LaTeX Font Info:    Redeclaring font encoding T1 on input line 48.
)) (/usr/share/texlive/texmf-dist/tex/latex/base/textcomp.sty
Package: textcomp 2005/09/27 v1.99g Standard LaTeX package
Package textcomp Info: Sub-encoding information:
(textcomp)               5 = only ISO-Adobe without \textcurrency
(textcomp)               4 = 5 + \texteuro
(textcomp)               3 = 4 + \textohm
(textcomp)               2 = 3 + \textestimated + \textcurrency
(textcomp)               1 = TS1 - \textcircled - \t
(textcomp)               0 = TS1 (full)
(textcomp)             Font families with sub-encoding setting implement
(textcomp)             only a restricted character set as indicated.
(textcomp)             Family '?' is the default used for unknown fonts.
(textcomp)             See the documentation for details.
Package textcomp Info: Setting ? sub-encoding to TS1/1 on input line 79.
 (/usr/share/texlive/texmf-dist/tex/latex/base/ts1enc.def
File: ts1enc.def 2001/06/05 v3.0e (jk/car/fm) Standard LaTeX file
Now handling font encoding TS1 ...
... processing UTF-8 mapping file for font encoding TS1
 (/usr/share/texlive/texmf-dist/tex/latex/base/ts1enc.dfu
File: ts1enc.dfu 2015/12/03 v1.1r UTF-8 support for inputenc
   defining Unicode char U+00A2 (decimal 162)
   defining Unicode char U+00A3 (decimal 163)
   defining Unicode char U+00A4 (decimal 164)
   defining Unicode char U+00A5 (decimal 165)
   defining Unicode char U+00A6 (decimal 166)
   defining Unicode char U+00A7 (decimal 167)
   defining Unicode char U+00A8 (decimal 168)
   defining Unicode char U+00A9 (decimal 169)
   defining Unicode char U+00AA (decimal 170)
   defining Unicode char U+00AC (decimal 172)
   defining Unicode char U+00AE (decimal 174)
   defining Unicode char U+00AF (decimal 175)
   defining Unicode char U+00B0 (decimal 176)
   defining Unicode char U+00B1 (decimal 177)
   defining Unicode char U+00B2 (decimal 178)
   defining Unicode char U+00B3 (decimal 179)
   defining Unicode char U+00B4 (decimal 180)
   defining Unicode char U+00B5 (decimal 181)
   defining Unicode char U+00B6 (decimal 182)
   defining Unicode char U+00B7 (decimal 183)
   defining Unicode char U+00B9 (decimal 185)
   defining Unicode char U+00BA (decimal 186)
   defining Unicode char U+00BC (decimal 188)
   defining Unicode char U+00BD (decimal 189)
   defining Unicode char U+00BE (decimal 190)
   defining Unicode char U+00D7 (decimal 215)
   defining Unicode char U+00F7 (decimal 247)
   defining Unicode char U+0192 (decimal 402)
   defining Unicode char U+02C7 (decimal 711)
   defining Unicode char U+02D8 (decimal 728)
   defining Unicode char U+02DD (decimal 733)
   defining Unicode char U+0E3F (decimal 3647)
   defining Unicode char U+2016 (decimal 8214)
   defining Unicode char U+2020 (decimal 8224)
   defining Unicode char U+2021 (decimal 8225)
   defining Unicode char U+2022 (decimal 8226)
   defining Unicode char U+2030 (decimal 8240)
   defining Unicode char U+2031 (decimal 8241)
   defining Unicode char U+203B (decimal 8251)
   defining Unicode char U+203D (decimal 8253)
   defining Unicode char U+2044 (decimal 8260)
   defining Unicode char U+204E (decimal 8270)
   defining Unicode char U+2052 (decimal 8274)
   defining Unicode char U+20A1 (decimal 8353)
   defining Unicode char U+20A4 (decimal 8356)
   defining Unicode char U+20A6 (decimal 8358)
   defining Unicode char U+20A9 (decimal 8361)
   defining Unicode char U+20AB (decimal 8363)
   defining Unicode char U+20AC (decimal 8364)
   defining Unicode char U+20B1 (decimal 8369)
   defining Unicode char U+2103 (decimal 8451)
   defining Unicode char U+2116 (decimal 8470)
   defining Unicode char U+2117 (decimal 8471)
   defining Unicode char U+211E (decimal 8478)
   defining Unicode char U+2120 (decimal 8480)
   defining Unicode char U+2122 (decimal 8482)
   defining Unicode char U+2126 (decimal 8486)
   defining Unicode char U+2127 (decimal 8487)
   defining Unicode char U+212E (decimal 8494)
   defining Unicode char U+2190 (decimal 8592)
   defining Unicode char U+2191 (decimal 8593)
   defining Unicode char U+2192 (decimal 8594)
   defining Unicode char U+2193 (decimal 8595)
   defining Unicode char U+2329 (decimal 9001)
   defining Unicode char U+232A (decimal 9002)
   defining Unicode char U+2422 (decimal 9250)
   defining Unicode char U+25E6 (decimal 9702)
   defining Unicode char U+25EF (decimal 9711)
   defining Unicode char U+266A (decimal 9834)
))
LaTeX Info: Redefining \oldstylenums on input line 334.
Package textcomp Info: Setting cmr sub-encoding to TS1/0 on input line 349.
Package textcomp Info: Setting cmss sub-encoding to TS1/0 on input line 350.
Package textcomp Info: Setting cmtt sub-encoding to TS1/0 on input line 351.
Package textcomp Info: Setting cmvtt sub-encoding to TS1/0 on input line 352.
Package textcomp Info: Setting cmbr sub-encoding to TS1/0 on input line 353.
Package textcomp Info: Setting cmtl sub-encoding to TS1/0 on input line 354.
Package textcomp Info: Setting ccr sub-encoding to TS1/0 on input line 355.
Package textcomp Info: Setting ptm sub-encoding to TS1/4 on input line 356.
Package textcomp Info: Setting pcr sub-encoding to TS1/4 on input line 357.
Package textcomp Info: Setting phv sub-encoding to TS1/4 on input line 358.
Package textcomp Info: Setting ppl sub-encoding to TS1/3 on input line 359.
Package textcomp Info: Setting pag sub-encoding to TS1/4 on input line 360.
Package textcomp Info: Setting pbk sub-encoding to TS1/4 on input line 361.
Package textcomp Info: Setting pnc sub-encoding to TS1/4 on input line 362.
Package textcomp Info: Setting pzc sub-encoding to TS1/4 on input line 363.
Package textcomp Info: Setting bch sub-encoding to TS1/4 on input line 364.
Package textcomp Info: Setting put sub-encoding to TS1/5 on input line 365.
Package textcomp Info: Setting uag sub-encoding to TS1/5 on input line 366.
Package textcomp Info: Setting ugq sub-encoding to TS1/5 on input line 367.
Package textcomp Info: Setting ul8 sub-encoding to TS1/4 on input line 368.
Package textcomp Info: Setting ul9 sub-encoding to TS1/4 on input line 369.
Package textcomp Info: Setting augie sub-encoding to TS1/5 on input line 370.
Package textcomp Info: Setting dayrom sub-encoding to TS1/3 on input line 371.
Package textcomp Info: Setting dayroms sub-encoding to TS1/3 on input line 372.
Package textcomp Info: Setting pxr sub-encoding to TS1/0 on input line 373.
Package textcomp Info: Setting pxss sub-encoding to TS1/0 on input line 374.
Package textcomp Info: Setting pxtt sub-encoding to TS1/0 on input line 375.
Package textcomp Info: Setting txr sub-encoding to TS1/0 on input line 376.
Package textcomp Info: Setting txss sub-encoding to TS1/0 on input line 377.
Package textcomp Info: Setting txtt sub-encoding to TS1/0 on input line 378.
Package textcomp Info: Setting lmr sub-encoding to TS1/0 on input line 379.
Package textcomp Info: Setting lmdh sub-encoding to TS1/0 on input line 380.
Package textcomp Info: Setting lmss sub-encoding to TS1/0 on input line 381.
Package textcomp Info: Setting lmssq sub-encoding to TS1/0 on input line 382.
Package textcomp Info: Setting lmvtt sub-encoding to TS1/0 on input line 383.
Package textcomp Info: Setting lmtt sub-encoding to TS1/0 on input line 384.
Package textcomp Info: Setting qhv sub-encoding to TS1/0 on input line 385.
Package textcomp Info: Setting qag sub-encoding to TS1/0 on input line 386.
Package textcomp Info: Setting qbk sub-encoding to TS1/0 on input line 387.
Package textcomp Info: Setting qcr sub-encoding to TS1/0 on input line 388.
Package textcomp Info: Setting qcs sub-encoding to TS1/0 on input line 389.
Package textcomp Info: Setting qpl sub-encoding to TS1/0 on input line 390.
Package textcomp Info: Setting qtm sub-encoding to TS1/0 on input line 391.
Package textcomp Info: Setting qzc sub-encoding to TS1/0 on input line 392.
Package textcomp Info: Setting qhvc sub-encoding to TS1/0 on input line 393.
Package textcomp Info: Setting futs sub-encoding to TS1/4 on input line 394.
Package textcomp Info: Setting futx sub-encoding to TS1/4 on input line 395.
Package textcomp Info: Setting futj sub-encoding to TS1/4 on input line 396.
Package textcomp Info: Setting hlh sub-encoding to TS1/3 on input line 397.
Package textcomp Info: Setting hls sub-encoding to TS1/3 on input line 398.
Package textcomp Info: Setting hlst sub-encoding to TS1/3 on input line 399.
Package textcomp Info: Setting hlct sub-encoding to TS1/5 on input line 400.
Package textcomp Info: Setting hlx sub-encoding to TS1/5 on input line 401.
Package textcomp Info: Setting hlce sub-encoding to TS1/5 on input line 402.
Package textcomp Info: Setting hlcn sub-encoding to TS1/5 on input line 403.
Package textcomp Info: Setting hlcw sub-encoding to TS1/5 on input line 404.
Package textcomp Info: Setting hlcf sub-encoding to TS1/5 on input line 405.
Package textcomp Info: Setting pplx sub-encoding to TS1/3 on input line 406.
Package textcomp Info: Setting pplj sub-encoding to TS1/3 on input line 407.
Package textcomp Info: Setting ptmx sub-encoding to TS1/4 on input line 408.
Package textcomp Info: Setting ptmj sub-encoding to TS1/4 on input line 409.
) (/usr/share/texlive/texmf-dist/tex/latex/was/gensymb.sty
Package: gensymb 2003/07/02 v1.0 (WaS)
) (/usr/share/texlive/texmf-dist/tex/latex/graphics/graphicx.sty
Package: graphicx 2014/10/28 v1.0g Enhanced LaTeX Graphics (DPC,SPQR)
 (/usr/share/texlive/texmf-dist/tex/latex/graphics/keyval.sty
Package: keyval 2014/10/28 v1.15 key=value parser (DPC)
\KV@toks@=\toks21
) (/usr/share/texlive/texmf-dist/tex/latex/graphics/graphics.sty
Package: graphics 2016/01/03 v1.0q Standard LaTeX Graphics (DPC,SPQR)
 (/usr/share/texlive/texmf-dist/tex/latex/graphics/trig.sty
Package: trig 2016/01/03 v1.10 sin cos tan (DPC)
) (/usr/share/texlive/texmf-dist/tex/latex/latexconfig/graphics.cfg
File: graphics.cfg 2010/04/23 v1.9 graphics configuration of TeX Live
)
Package graphics Info: Driver file: pdftex.def on input line 95.
 (/usr/share/texlive/texmf-dist/tex/latex/pdftex-def/pdftex.def
File: pdftex.def 2011/05/27 v0.06d Graphics/color for pdfTeX
 (/usr/share/texlive/texmf-dist/tex/generic/oberdiek/infwarerr.sty
Package: infwarerr 2010/04/08 v1.3 Providing info/warning/error messages (HO)
) (/usr/share/texlive/texmf-dist/tex/generic/oberdiek/ltxcmds.sty
Package: ltxcmds 2011/11/09 v1.22 LaTeX kernel commands for general use (HO)
)
\Gread@gobject=\count100
))
\Gin@req@height=\dimen112
\Gin@req@width=\dimen113
) (/media/jeffrey/hdd1/dev/hair-rendering-thesis/docs/tmp/Thesis 16 aug 2016/thesis/thesis.aux)
\openout1 = `thesis.aux'.

LaTeX Font Info:    Checking defaults for OML/cmm/m/it on input line 11.
LaTeX Font Info:    ... okay on input line 11.
LaTeX Font Info:    Checking defaults for T1/cmr/m/n on input line 11.
LaTeX Font Info:    ... okay on input line 11.
LaTeX Font Info:    Checking defaults for OT1/cmr/m/n on input line 11.
LaTeX Font Info:    ... okay on input line 11.
LaTeX Font Info:    Checking defaults for OMS/cmsy/m/n on input line 11.
LaTeX Font Info:    ... okay on input line 11.
LaTeX Font Info:    Checking defaults for OMX/cmex/m/n on input line 11.
LaTeX Font Info:    ... okay on input line 11.
LaTeX Font Info:    Checking defaults for U/cmr/m/n on input line 11.
LaTeX Font Info:    ... okay on input line 11.
LaTeX Font Info:    Checking defaults for TS1/cmr/m/n on input line 11.
LaTeX Font Info:    Try loading font information for TS1+cmr on input line 11.
 (/usr/share/texlive/texmf-dist/tex/latex/base/ts1cmr.fd
File: ts1cmr.fd 2014/09/29 v2.5h Standard LaTeX font definitions
)
LaTeX Font Info:    ... okay on input line 11.
\symgns@font=\mathgroup6
LaTeX Font Info:    Overwriting symbol font `gns@font' in version `bold'
(Font)                  TS1/cmr/m/n --> TS1/cmr/bx/n on input line 11.
Package gensymb Info: Math companion symbols declared on input line 11.
LaTeX Info: Redefining \degree on input line 11.
LaTeX Info: Redefining \celsius on input line 11.
Package gensymb Info: Using text companion symbols for \degree, \celsius and \perthousand on input line 11.
LaTeX Info: Redefining \ohm on input line 11.
Package gensymb Info: Using \textohm for \ohm on input line 11.
Package gensymb Info: Using \textmu for \micro on input line 11.
 (/usr/share/texlive/texmf-dist/tex/context/base/supp-pdf.mkii
[Loading MPS to PDF converter (version 2006.09.02).]
\scratchcounter=\count101
\scratchdimen=\dimen114
\scratchbox=\box28
\nofMPsegments=\count102
\nofMParguments=\count103
\everyMPshowfont=\toks22
\MPscratchCnt=\count104
\MPscratchDim=\dimen115
\MPnumerator=\count105
\makeMPintoPDFobject=\count106
\everyMPtoPDFconversion=\toks23
) (/usr/share/texlive/texmf-dist/tex/generic/oberdiek/pdftexcmds.sty
Package: pdftexcmds 2011/11/29 v0.20 Utility functions of pdfTeX for LuaTeX (HO)
 (/usr/share/texlive/texmf-dist/tex/generic/oberdiek/ifluatex.sty
Package: ifluatex 2010/03/01 v1.3 Provides the ifluatex switch (HO)
Package ifluatex Info: LuaTeX not detected.
) (/usr/share/texlive/texmf-dist/tex/generic/oberdiek/ifpdf.sty
Package: ifpdf 2011/01/30 v2.3 Provides the ifpdf switch (HO)
Package ifpdf Info: pdfTeX in PDF mode is detected.
)
Package pdftexcmds Info: LuaTeX not detected.
Package pdftexcmds Info: \pdf@primitive is available.
Package pdftexcmds Info: \pdf@ifprimitive is available.
Package pdftexcmds Info: \pdfdraftmode found.
) (/usr/share/texlive/texmf-dist/tex/latex/oberdiek/epstopdf-base.sty
Package: epstopdf-base 2010/02/09 v2.5 Base part for package epstopdf
 (/usr/share/texlive/texmf-dist/tex/latex/oberdiek/grfext.sty
Package: grfext 2010/08/19 v1.1 Manage graphics extensions (HO)
 (/usr/share/texlive/texmf-dist/tex/generic/oberdiek/kvdefinekeys.sty
Package: kvdefinekeys 2011/04/07 v1.3 Define keys (HO)
)) (/usr/share/texlive/texmf-dist/tex/latex/oberdiek/kvoptions.sty
Package: kvoptions 2011/06/30 v3.11 Key value format for package options (HO)
 (/usr/share/texlive/texmf-dist/tex/generic/oberdiek/kvsetkeys.sty
Package: kvsetkeys 2012/04/25 v1.16 Key value parser (HO)
 (/usr/share/texlive/texmf-dist/tex/generic/oberdiek/etexcmds.sty
Package: etexcmds 2011/02/16 v1.5 Avoid name clashes with e-TeX commands (HO)
Package etexcmds Info: Could not find \expanded.
(etexcmds)             That can mean that you are not using pdfTeX 1.50 or
(etexcmds)             that some package has redefined \expanded.
(etexcmds)             In the latter case, load this package earlier.
)))
Package grfext Info: Graphics extension search list:
(grfext)             [.png,.pdf,.jpg,.mps,.jpeg,.jbig2,.jb2,.PNG,.PDF,.JPG,.JPEG,.JBIG2,.JB2,.eps]
(grfext)             \AppendGraphicsExtensions on input line 452.
 (/usr/share/texlive/texmf-dist/tex/latex/latexconfig/epstopdf-sys.cfg
File: epstopdf-sys.cfg 2010/07/13 v1.3 Configuration of (r)epstopdf for TeX Live
))
LaTeX Font Info:    Try loading font information for U+msa on input line 44.
 (/usr/share/texlive/texmf-dist/tex/latex/amsfonts/umsa.fd
File: umsa.fd 2013/01/14 v3.01 AMS symbols A
)
LaTeX Font Info:    Try loading font information for U+msb on input line 44.
 (/usr/share/texlive/texmf-dist/tex/latex/amsfonts/umsb.fd
File: umsb.fd 2013/01/14 v3.01 AMS symbols B
) [1

{/var/lib/texmf/fonts/map/pdftex/updmap/pdftex.map}] [1]
No file thesis.toc.
\tf@toc=\write3
\openout3 = `thesis.toc'.

[1

]
Chapter 1.

Underfull \hbox (badness 10000) in paragraph at lines 138--139

 []

[2

]

LaTeX Warning: Citation `marschner' on page 3 undefined on input line 156.


LaTeX Warning: Citation `zinke' on page 3 undefined on input line 156.


LaTeX Warning: Citation `eon2013' on page 3 undefined on input line 156.


LaTeX Warning: Citation `zinke' on page 3 undefined on input line 160.


LaTeX Warning: Citation `eon2013' on page 3 undefined on input line 160.


LaTeX Warning: Citation `eon2011' on page 3 undefined on input line 164.


LaTeX Warning: Citation `eon2013' on page 3 undefined on input line 164.


LaTeX Warning: Citation `eon2013' on page 3 undefined on input line 170.


LaTeX Warning: Citation `zinke' on page 3 undefined on input line 170.

[3]
Underfull \hbox (badness 10000) in paragraph at lines 177--178

 []


LaTeX Warning: Citation `eon2013' on page 4 undefined on input line 179.

[4]
Chapter 2.

LaTeX Warning: Citation `ward' on page 5 undefined on input line 187.


LaTeX Warning: Citation `hadap' on page 5 undefined on input line 189.


LaTeX Warning: Citation `hadap' on page 5 undefined on input line 189.


LaTeX Warning: Citation `marschner' on page 5 undefined on input line 191.


LaTeX Warning: Reference `fig_hair_structure' on page 5 undefined on input line 191.


LaTeX Warning: Citation `ward' on page 5 undefined on input line 193.


LaTeX Warning: Citation `ward' on page 5 undefined on input line 195.

<images/hair_structure.jpeg, id=33, 597.73312pt x 369.63094pt>
File: images/hair_structure.jpeg Graphic file (type jpg)
 <use images/hair_structure.jpeg>
Package pdftex.def Info: images/hair_structure.jpeg used on input line 203.
(pdftex.def)             Requested size: 179.32132pt x 110.89012pt.
 <hair-core.png, id=34, 563.10374pt x 462.72874pt>
File: hair-core.png Graphic file (type png)
 <use hair-core.png>
Package pdftex.def Info: hair-core.png used on input line 203.
(pdftex.def)             Requested size: 152.04004pt x 124.93843pt.


LaTeX Warning: Citation `marschner' on page 5 undefined on input line 206.


LaTeX Warning: Citation `morganti2015' on page 5 undefined on input line 206.


LaTeX Warning: Citation `marschner' on page 5 undefined on input line 206.


LaTeX Warning: Citation `morganti2015' on page 5 undefined on input line 206.

[5

]

LaTeX Warning: Citation `marschner' on page 6 undefined on input line 214.


LaTeX Warning: Citation `ward' on page 6 undefined on input line 218.

[6 </media/jeffrey/hdd1/dev/hair-rendering-thesis/docs/tmp/Thesis 16 aug 2016/thesis/images/hair_structure.jpeg> </media/jeffrey/hdd1/dev/hair-rendering-thesis/docs/tmp/Thesis 16 aug 2016/thesis/hair-core.png>]

LaTeX Warning: Citation `pharr2017' on page 7 undefined on input line 258.


LaTeX Warning: Citation `pharr2017' on page 7 undefined on input line 258.

[7]

LaTeX Warning: Citation `hadap' on page 8 undefined on input line 264.


LaTeX Warning: Citation `marschner' on page 8 undefined on input line 282.

[8]

LaTeX Warning: Reference `axis_overview' on page 9 undefined on input line 288.

<images/axes.jpeg, id=52, 870.25125pt x 517.935pt>
File: images/axes.jpeg Graphic file (type jpg)
 <use images/axes.jpeg>
Package pdftex.def Info: images/axes.jpeg used on input line 293.
(pdftex.def)             Requested size: 348.09433pt x 207.17032pt.


LaTeX Warning: Citation `marschner' on page 9 undefined on input line 295.


LaTeX Warning: Citation `marschner' on page 9 undefined on input line 295.

[9 </media/jeffrey/hdd1/dev/hair-rendering-thesis/docs/tmp/Thesis 16 aug 2016/thesis/images/axes.jpeg>]

LaTeX Warning: Reference `fig_solidangle' on page 10 undefined on input line 314.


LaTeX Warning: Reference `fig_solidangle' on page 10 undefined on input line 316.

<solidangle.png, id=57, 1474.00688pt x 1746.525pt>
File: solidangle.png Graphic file (type png)
 <use solidangle.png>
Package pdftex.def Info: solidangle.png used on input line 320.
(pdftex.def)             Requested size: 235.84592pt x 279.4497pt.

Underfull \hbox (badness 10000) in paragraph at lines 326--327

 []

[10] [11 </media/jeffrey/hdd1/dev/hair-rendering-thesis/docs/tmp/Thesis 16 aug 2016/thesis/solidangle.png>]

LaTeX Warning: Reference `cosine_term_visualization' on page 12 undefined on input line 340.


LaTeX Warning: Reference `eq_irradiance1' on page 12 undefined on input line 340.


LaTeX Warning: Reference `cosine_term_visualization' on page 12 undefined on input line 342.

<images/svg/irradiance_radiance.jpg, id=69, 265.21101pt x 156.14297pt>
File: images/svg/irradiance_radiance.jpg Graphic file (type jpg)
 <use images/svg/irradiance_radiance.jpg>
Package pdftex.def Info: images/svg/irradiance_radiance.jpg used on input line 351.
(pdftex.def)             Requested size: 265.21036pt x 156.14258pt.


LaTeX Warning: Citation `pharr2017' on page 12 undefined on input line 360.

[12 </media/jeffrey/hdd1/dev/hair-rendering-thesis/docs/tmp/Thesis 16 aug 2016/thesis/images/svg/irradiance_radiance.jpg>]
Overfull \hbox (0.93117pt too wide) in paragraph at lines 370--370
[]\T1/cmr/bx/n/12 Bidirectional Re-flec-tion Dis-tri-bu-tion Func-tion (BRDF) 
 []


LaTeX Warning: Reference `eq_brdf' on page 13 undefined on input line 374.


LaTeX Warning: Reference `radiance_irradiance' on page 13 undefined on input line 381.


LaTeX Warning: Citation `pharr2017' on page 13 undefined on input line 383.

[13]

LaTeX Warning: Citation `ward' on page 14 undefined on input line 393.


LaTeX Warning: Reference `radiance_irradiance' on page 14 undefined on input line 417.


LaTeX Warning: Reference `sec_bcsdf' on page 14 undefined on input line 424.

[14]

LaTeX Warning: Reference `eq_bcsdf' on page 15 undefined on input line 431.


LaTeX Warning: Citation `pharr2017' on page 15 undefined on input line 453.

[15]

LaTeX Warning: Citation `pharr2017' on page 16 undefined on input line 473.


LaTeX Warning: Citation `pharr2017' on page 16 undefined on input line 477.


LaTeX Warning: Citation `pharr2017' on page 16 undefined on input line 484.

[16] [17]
Chapter 3.

LaTeX Warning: Citation `ward' on page 18 undefined on input line 516.


LaTeX Warning: Citation `kajiya' on page 18 undefined on input line 523.


LaTeX Warning: Citation `kajiya' on page 18 undefined on input line 523.


LaTeX Warning: Citation `kajiya' on page 18 undefined on input line 525.


LaTeX Warning: Reference `fig_compare_kajiya' on page 18 undefined on input line 525.


Underfull \hbox (badness 10000) in paragraph at lines 525--526

 []

[18

]

LaTeX Warning: Citation `goldman' on page 19 undefined on input line 527.


Underfull \hbox (badness 10000) in paragraph at lines 527--528

 []


LaTeX Warning: Citation `marschner' on page 19 undefined on input line 529.


LaTeX Warning: Citation `hadap' on page 19 undefined on input line 529.


LaTeX Warning: Reference `sec_marschner' on page 19 undefined on input line 529.

<kajiya.png, id=94, 1812.7725pt x 685.56125pt>
File: kajiya.png Graphic file (type png)
 <use kajiya.png>
Package pdftex.def Info: kajiya.png used on input line 533.
(pdftex.def)             Requested size: 271.90414pt x 102.82974pt.


LaTeX Warning: Citation `marschner' on page 19 undefined on input line 534.


LaTeX Warning: Citation `marschner' on page 19 undefined on input line 534.


LaTeX Warning: Citation `ward' on page 19 undefined on input line 542.


Underfull \hbox (badness 10000) in paragraph at lines 544--545

 []

[19 </media/jeffrey/hdd1/dev/hair-rendering-thesis/docs/tmp/Thesis 16 aug 2016/thesis/kajiya.png>]

LaTeX Warning: Citation `ward' on page 20 undefined on input line 546.


LaTeX Warning: Citation `jensen' on page 20 undefined on input line 546.


LaTeX Warning: Citation `jensen' on page 20 undefined on input line 547.


LaTeX Warning: Citation `moon' on page 20 undefined on input line 549.


LaTeX Warning: Citation `moon' on page 20 undefined on input line 549.


LaTeX Warning: Citation `zinke' on page 20 undefined on input line 551.


LaTeX Warning: Reference `sec_dualscattering' on page 20 undefined on input line 551.


LaTeX Warning: Citation `kajiya' on page 20 undefined on input line 565.


LaTeX Warning: Citation `marschner' on page 20 undefined on input line 565.


LaTeX Warning: Citation `zinke' on page 20 undefined on input line 565.

[20]

LaTeX Warning: Citation `marschner' on page 21 undefined on input line 575.


LaTeX Warning: Citation `stamm1977' on page 21 undefined on input line 580.


LaTeX Warning: Citation `bustard1991' on page 21 undefined on input line 580.


LaTeX Warning: Reference `fig_longitudinal_marschner' on page 21 undefined on input line 580.

<images/longitudinal_response.jpeg, id=103, 1151.05031pt x 445.665pt>
File: images/longitudinal_response.jpeg Graphic file (type jpg)
 <use images/longitudinal_response.jpeg>
Package pdftex.def Info: images/longitudinal_response.jpeg used on input line 586.
(pdftex.def)             Requested size: 402.87364pt x 155.98508pt.

Overfull \hbox (42.87364pt too wide) in paragraph at lines 586--587
 [] 
 []


LaTeX Warning: `h' float specifier changed to `ht'.


LaTeX Warning: Reference `fig_longitudinal_marschner' on page 21 undefined on input line 592.


LaTeX Warning: Citation `marschner' on page 21 undefined on input line 594.

[21] <images/azimuthal_measurement.jpeg, id=107, 669.2503pt x 630.10406pt>
File: images/azimuthal_measurement.jpeg Graphic file (type jpg)
 <use images/azimuthal_measurement.jpeg>
Package pdftex.def Info: images/azimuthal_measurement.jpeg used on input line 602.
(pdftex.def)             Requested size: 267.69537pt x 252.03716pt.


LaTeX Warning: Citation `marschner' on page 22 undefined on input line 603.


LaTeX Warning: Citation `marschner' on page 22 undefined on input line 603.


LaTeX Warning: `h' float specifier changed to `ht'.


LaTeX Warning: Reference `fig_azimuthal_marschner' on page 22 undefined on input line 609.


LaTeX Warning: Citation `marschner' on page 22 undefined on input line 613.


LaTeX Warning: Citation `marschner' on page 22 undefined on input line 613.


LaTeX Warning: Reference `fig_azimuthal_marschner' on page 22 undefined on input line 615.

[22 </media/jeffrey/hdd1/dev/hair-rendering-thesis/docs/tmp/Thesis 16 aug 2016/thesis/images/longitudinal_response.jpeg>]

LaTeX Warning: Citation `marschner' on page 23 undefined on input line 623.


LaTeX Warning: Reference `female_hair' on page 23 undefined on input line 623.


LaTeX Warning: Citation `eon2011' on page 23 undefined on input line 623.

<images/female_marschner.jpeg, id=111, 1246.6575pt x 1461.46pt>
File: images/female_marschner.jpeg Graphic file (type jpg)
 <use images/female_marschner.jpeg>
Package pdftex.def Info: images/female_marschner.jpeg used on input line 627.
(pdftex.def)             Requested size: 249.32709pt x 292.28682pt.


LaTeX Warning: Citation `gray' on page 23 undefined on input line 628.


LaTeX Warning: Citation `gray' on page 23 undefined on input line 628.


LaTeX Warning: `h' float specifier changed to `ht'.


LaTeX Warning: Citation `marcuse1974' on page 23 undefined on input line 635.


LaTeX Warning: Citation `adler1998' on page 23 undefined on input line 635.


LaTeX Warning: Citation `mount1998' on page 23 undefined on input line 635.

[23 </media/jeffrey/hdd1/dev/hair-rendering-thesis/docs/tmp/Thesis 16 aug 2016/thesis/images/azimuthal_measurement.jpeg>] [24 </media/jeffrey/hdd1/dev/hair-rendering-thesis/docs/tmp/Thesis 16 aug 2016/thesis/images/female_marschner.jpeg>]

LaTeX Warning: Reference `sec_mathematical_notation' on page 25 undefined on input line 650.


LaTeX Warning: Reference `sec_longitudinal_observation' on page 25 undefined on input line 655.


LaTeX Warning: Citation `marschner' on page 25 undefined on input line 657.


LaTeX Warning: Citation `eon2011' on page 25 undefined on input line 657.


LaTeX Warning: Reference `table_marschner_alpha_beta' on page 25 undefined on input line 665.


LaTeX Warning: Citation `marschner' on page 25 undefined on input line 680.


LaTeX Warning: Citation `marschner' on page 25 undefined on input line 680.


LaTeX Warning: `h' float specifier changed to `ht'.

<circularcross.png, id=119, 1600.98125pt x 1121.18875pt>
File: circularcross.png Graphic file (type png)
 <use circularcross.png>
Package pdftex.def Info: circularcross.png used on input line 690.
(pdftex.def)             Requested size: 320.19058pt x 224.23378pt.


LaTeX Warning: Citation `marschner' on page 25 undefined on input line 692.


LaTeX Warning: Citation `marschner' on page 25 undefined on input line 692.


LaTeX Warning: `h' float specifier changed to `ht'.


LaTeX Warning: Reference `fig_circular_cross_section' on page 25 undefined on input line 696.

[25]

LaTeX Warning: Reference `fig_rootfinding' on page 26 undefined on input line 714.


LaTeX Warning: Reference `eq_relative_azimuth_change' on page 26 undefined on input line 716.

[26]

LaTeX Warning: Reference `eq_marschner' on page 27 undefined on input line 718.


LaTeX Warning: Citation `marschner' on page 27 undefined on input line 718.

<rootfinding.png, id=127, 810.33449pt x 570.19322pt>
File: rootfinding.png Graphic file (type png)
 <use rootfinding.png>
Package pdftex.def Info: rootfinding.png used on input line 722.
(pdftex.def)             Requested size: 202.58313pt x 142.54794pt.


LaTeX Warning: Citation `eon2011' on page 27 undefined on input line 732.


LaTeX Warning: Citation `marschner' on page 27 undefined on input line 732.

LaTeX Font Info:    Try loading font information for T1+cmss on input line 735.
(/usr/share/texlive/texmf-dist/tex/latex/base/t1cmss.fd
File: t1cmss.fd 2014/09/29 v2.5h Standard LaTeX font definitions
) [27 </media/jeffrey/hdd1/dev/hair-rendering-thesis/docs/tmp/Thesis 16 aug 2016/thesis/circularcross.png>]

LaTeX Warning: Reference `azimuthal_marschner' on page 28 undefined on input line 738.


LaTeX Warning: Citation `marschner' on page 28 undefined on input line 755.


LaTeX Warning: Citation `marschner' on page 28 undefined on input line 755.

[28 </media/jeffrey/hdd1/dev/hair-rendering-thesis/docs/tmp/Thesis 16 aug 2016/thesis/rootfinding.png>]

LaTeX Warning: Citation `marschner' on page 29 undefined on input line 759.


LaTeX Warning: Citation `marschner' on page 29 undefined on input line 759.


LaTeX Warning: Citation `eon2011' on page 29 undefined on input line 780.


LaTeX Warning: Citation `zinke' on page 29 undefined on input line 782.

[29] (/media/jeffrey/hdd1/dev/hair-rendering-thesis/docs/tmp/Thesis 16 aug 2016/thesis/relatedwork/dualscattering.tex

LaTeX Warning: Citation `zinke' on page 30 undefined on input line 5.


LaTeX Warning: Citation `zinke' on page 30 undefined on input line 7.


LaTeX Warning: Citation `zinke' on page 30 undefined on input line 7.


LaTeX Warning: Reference `rendering_eq' on page 30 undefined on input line 13.


LaTeX Warning: Citation `zinke' on page 30 undefined on input line 25.

[30]

LaTeX Warning: Citation `zinke' on page 31 undefined on input line 32.


LaTeX Warning: Citation `zinke' on page 31 undefined on input line 45.

[31]

LaTeX Warning: Citation `zinke' on page 32 undefined on input line 59.


LaTeX Warning: Reference `fig_df' on page 32 undefined on input line 66.

<relatedwork/dualscattering_df.png, id=148, 728.7225pt x 530.98375pt>
File: relatedwork/dualscattering_df.png Graphic file (type png)
 <use relatedwork/dualscattering_df.png>
Package pdftex.def Info: relatedwork/dualscattering_df.png used on input line 70.
(pdftex.def)             Requested size: 145.74191pt x 106.19485pt.


LaTeX Warning: Citation `zinke' on page 32 undefined on input line 77.


LaTeX Warning: Citation `sadeghi' on page 32 undefined on input line 77.

[32 </media/jeffrey/hdd1/dev/hair-rendering-thesis/docs/tmp/Thesis 16 aug 2016/thesis/relatedwork/dualscattering_df.png>]

LaTeX Warning: Reference `dualscattering_Tf' on page 33 undefined on input line 79.


LaTeX Warning: Citation `zinke' on page 33 undefined on input line 88.


LaTeX Warning: Citation `zinke' on page 33 undefined on input line 106.

[33]

LaTeX Warning: Reference `avg_backscatter_attenuation' on page 34 undefined on input line 134.

[34]

LaTeX Warning: Citation `zinke' on page 35 undefined on input line 140.


LaTeX Warning: Citation `zinke' on page 35 undefined on input line 150.


LaTeX Warning: Citation `sadeghi' on page 35 undefined on input line 150.

) [35]
Chapter 4.

LaTeX Warning: Citation `zinke' on page 36 undefined on input line 797.


LaTeX Warning: Reference `approach_problem1' on page 36 undefined on input line 802.


LaTeX Warning: Reference `approach_details_mis' on page 36 undefined on input line 802.


LaTeX Warning: Reference `approach_problem2' on page 36 undefined on input line 803.

[36

]

LaTeX Warning: Reference `eon2013' on page 37 undefined on input line 813.


LaTeX Warning: Citation `eon2013' on page 37 undefined on input line 819.


LaTeX Warning: Citation `eon2013' on page 37 undefined on input line 822.

[37]

LaTeX Warning: Citation `eon2013' on page 38 undefined on input line 824.


LaTeX Warning: Citation `zinke' on page 38 undefined on input line 824.


LaTeX Warning: Reference `approach_details_mis' on page 38 undefined on input line 824.


LaTeX Warning: Citation `zinke' on page 38 undefined on input line 835.


Overfull \hbox (3.85085pt too wide) in paragraph at lines 836--837
[]\T1/cmr/m/n/10.95 Hair mod-els ren-dered us-ing mul-ti-ple im-por-tance sam-pling. This method
 []


LaTeX Warning: Reference `variance-for-region' on page 38 undefined on input line 845.

[38]

LaTeX Warning: Citation `eon2013' on page 39 undefined on input line 864.


LaTeX Warning: Citation `eon2011' on page 39 undefined on input line 864.


LaTeX Warning: Reference `section_importance_sampling' on page 39 undefined on input line 866.

[39]

LaTeX Warning: Reference `marschner_model_scatterfunction' on page 40 undefined on input line 875.


LaTeX Warning: Citation `eon2011' on page 40 undefined on input line 875.


LaTeX Warning: Citation `eon2013' on page 40 undefined on input line 883.

[40]

LaTeX Warning: Citation `eon2013' on page 41 undefined on input line 899.


LaTeX Warning: Citation `eon2013' on page 41 undefined on input line 917.

[41]

LaTeX Warning: Reference `sec_marschner' on page 42 undefined on input line 926.


LaTeX Warning: Reference `marschner_longitudinal_scattering_function' on page 42 undefined on input line 936.

[42]

LaTeX Warning: Citation `eon2011' on page 43 undefined on input line 938.


LaTeX Warning: Citation `eon2011' on page 43 undefined on input line 944.


Underfull \hbox (badness 10000) in paragraph at lines 944--945

 []


LaTeX Warning: Reference `sec_lobe_selection' on page 43 undefined on input line 962.


LaTeX Warning: Reference `eq_relative_azimuth_change' on page 43 undefined on input line 962.

[43] [44]
Chapter 5.

LaTeX Warning: Citation `pbrt' on page 45 undefined on input line 985.


Overfull \hbox (0.50577pt too wide) in paragraph at lines 985--986
\T1/cmr/m/n/10.95 For im-ple-men-ta-tion pur-poses the PBRT ray-trac-ing frame-work is used. PBRT
 []

[45

]

LaTeX Warning: Citation `zinke' on page 46 undefined on input line 1010.


LaTeX Warning: Reference `dualscattering_Tf' on page 46 undefined on input line 1013.


LaTeX Warning: Reference `dualscattering_Sf' on page 46 undefined on input line 1013.

[46] [47]
Chapter 6.

LaTeX Warning: Reference `fig_officesquare' on page 48 undefined on input line 1049.

<realworld/officesquare/deon_blonde1_32.png, id=205, 1027.84pt x 1027.84pt>
File: realworld/officesquare/deon_blonde1_32.png Graphic file (type png)
 <use realworld/officesquare/deon_blonde1_32.png>
Package pdftex.def Info: realworld/officesquare/deon_blonde1_32.png used on input line 1055.
(pdftex.def)             Requested size: 164.45775pt x 164.45775pt.
 <realworld/officesquare/uniform_blonde1_32.png, id=206, 1027.84pt x 1027.84pt>
File: realworld/officesquare/uniform_blonde1_32.png Graphic file (type png)
 <use realworld/officesquare/uniform_blonde1_32.png>
Package pdftex.def Info: realworld/officesquare/uniform_blonde1_32.png used on input line 1056.
(pdftex.def)             Requested size: 164.45775pt x 164.45775pt.
 <realworld/officesquare/deon_black1_32.png, id=207, 1027.84pt x 1027.84pt>
File: realworld/officesquare/deon_black1_32.png Graphic file (type png)
 <use realworld/officesquare/deon_black1_32.png>
Package pdftex.def Info: realworld/officesquare/deon_black1_32.png used on input line 1057.
(pdftex.def)             Requested size: 164.45775pt x 164.45775pt.
 <realworld/officesquare/uniform_black1_32.png, id=208, 1027.84pt x 1027.84pt>
File: realworld/officesquare/uniform_black1_32.png Graphic file (type png)
 <use realworld/officesquare/uniform_black1_32.png>
Package pdftex.def Info: realworld/officesquare/uniform_black1_32.png used on input line 1058.
(pdftex.def)             Requested size: 164.45775pt x 164.45775pt.
 <realworld/officesquare/deon_brown2_32.png, id=209, 1027.84pt x 1027.84pt>
File: realworld/officesquare/deon_brown2_32.png Graphic file (type png)
 <use realworld/officesquare/deon_brown2_32.png>
Package pdftex.def Info: realworld/officesquare/deon_brown2_32.png used on input line 1059.
(pdftex.def)             Requested size: 164.45775pt x 164.45775pt.
 <realworld/officesquare/uniform_brown2_32.png, id=210, 1027.84pt x 1027.84pt>
File: realworld/officesquare/uniform_brown2_32.png Graphic file (type png)
 <use realworld/officesquare/uniform_brown2_32.png>
Package pdftex.def Info: realworld/officesquare/uniform_brown2_32.png used on input line 1060.
(pdftex.def)             Requested size: 164.45775pt x 164.45775pt.


LaTeX Warning: `h' float specifier changed to `ht'.


LaTeX Warning: Reference `fig_venice' on page 48 undefined on input line 1071.

<realworld/venice/deon_blonde1_32.png, id=211, 1027.84pt x 1027.84pt>
File: realworld/venice/deon_blonde1_32.png Graphic file (type png)
 <use realworld/venice/deon_blonde1_32.png>
Package pdftex.def Info: realworld/venice/deon_blonde1_32.png used on input line 1077.
(pdftex.def)             Requested size: 164.45775pt x 164.45775pt.
 <realworld/venice/uniform_blonde1_32.png, id=212, 1027.84pt x 1027.84pt>
File: realworld/venice/uniform_blonde1_32.png Graphic file (type png)
 <use realworld/venice/uniform_blonde1_32.png>
Package pdftex.def Info: realworld/venice/uniform_blonde1_32.png used on input line 1078.
(pdftex.def)             Requested size: 164.45775pt x 164.45775pt.
 <realworld/venice/deon_black1_32.png, id=213, 1027.84pt x 1027.84pt>
File: realworld/venice/deon_black1_32.png Graphic file (type png)
 <use realworld/venice/deon_black1_32.png>
Package pdftex.def Info: realworld/venice/deon_black1_32.png used on input line 1079.
(pdftex.def)             Requested size: 164.45775pt x 164.45775pt.
 <realworld/venice/uniform_black1_32.png, id=214, 1027.84pt x 1027.84pt>
File: realworld/venice/uniform_black1_32.png Graphic file (type png)
 <use realworld/venice/uniform_black1_32.png>
Package pdftex.def Info: realworld/venice/uniform_black1_32.png used on input line 1080.
(pdftex.def)             Requested size: 164.45775pt x 164.45775pt.
 <realworld/venice/deon_brown2_32.png, id=215, 1027.84pt x 1027.84pt>
File: realworld/venice/deon_brown2_32.png Graphic file (type png)
 <use realworld/venice/deon_brown2_32.png>
Package pdftex.def Info: realworld/venice/deon_brown2_32.png used on input line 1081.
(pdftex.def)             Requested size: 164.45775pt x 164.45775pt.
 <realworld/venice/uniform_brown2_32.png, id=216, 1027.84pt x 1027.84pt>
File: realworld/venice/uniform_brown2_32.png Graphic file (type png)
 <use realworld/venice/uniform_brown2_32.png>
Package pdftex.def Info: realworld/venice/uniform_brown2_32.png used on input line 1082.
(pdftex.def)             Requested size: 164.45775pt x 164.45775pt.


LaTeX Warning: `h' float specifier changed to `ht'.


LaTeX Warning: Reference `fig_subway' on page 48 undefined on input line 1094.

<realworld/subway/deon_blonde1_32.png, id=217, 1027.84pt x 1027.84pt>
File: realworld/subway/deon_blonde1_32.png Graphic file (type png)
 <use realworld/subway/deon_blonde1_32.png>
Package pdftex.def Info: realworld/subway/deon_blonde1_32.png used on input line 1100.
(pdftex.def)             Requested size: 164.45775pt x 164.45775pt.
 <realworld/subway/uniform_blonde1_32.png, id=218, 1027.84pt x 1027.84pt>
File: realworld/subway/uniform_blonde1_32.png Graphic file (type png)
 <use realworld/subway/uniform_blonde1_32.png>
Package pdftex.def Info: realworld/subway/uniform_blonde1_32.png used on input line 1101.
(pdftex.def)             Requested size: 164.45775pt x 164.45775pt.
 <realworld/subway/deon_black1_32.png, id=219, 1027.84pt x 1027.84pt>
File: realworld/subway/deon_black1_32.png Graphic file (type png)
 <use realworld/subway/deon_black1_32.png>
Package pdftex.def Info: realworld/subway/deon_black1_32.png used on input line 1102.
(pdftex.def)             Requested size: 164.45775pt x 164.45775pt.
 <realworld/subway/uniform_black1_32.png, id=220, 1027.84pt x 1027.84pt>
File: realworld/subway/uniform_black1_32.png Graphic file (type png)
 <use realworld/subway/uniform_black1_32.png>
Package pdftex.def Info: realworld/subway/uniform_black1_32.png used on input line 1103.
(pdftex.def)             Requested size: 164.45775pt x 164.45775pt.
 <realworld/subway/deon_brown2_32.png, id=221, 1027.84pt x 1027.84pt>
File: realworld/subway/deon_brown2_32.png Graphic file (type png)
 <use realworld/subway/deon_brown2_32.png>
Package pdftex.def Info: realworld/subway/deon_brown2_32.png used on input line 1104.
(pdftex.def)             Requested size: 164.45775pt x 164.45775pt.
 <realworld/subway/uniform_brown2_32.png, id=222, 1027.84pt x 1027.84pt>
File: realworld/subway/uniform_brown2_32.png Graphic file (type png)
 <use realworld/subway/uniform_brown2_32.png>
Package pdftex.def Info: realworld/subway/uniform_brown2_32.png used on input line 1105.
(pdftex.def)             Requested size: 164.45775pt x 164.45775pt.


LaTeX Warning: `h' float specifier changed to `ht'.


LaTeX Warning: Reference `fig_subway' on page 48 undefined on input line 1115.

[48

]

LaTeX Warning: Reference `fig_results_df' on page 49 undefined on input line 1121.


LaTeX Warning: Reference `fig_df' on page 49 undefined on input line 1121.

<dbdf-results/brown_dbdf_0_00.png, id=227, 1027.84pt x 1027.84pt>
File: dbdf-results/brown_dbdf_0_00.png Graphic file (type png)
 <use dbdf-results/brown_dbdf_0_00.png>
Package pdftex.def Info: dbdf-results/brown_dbdf_0_00.png used on input line 1133.
(pdftex.def)             Requested size: 123.33548pt x 123.33548pt.
 <dbdf-results/blonde_dbdf_0_00.png, id=228, 1027.84pt x 1027.84pt>
File: dbdf-results/blonde_dbdf_0_00.png Graphic file (type png)
 <use dbdf-results/blonde_dbdf_0_00.png>
Package pdftex.def Info: dbdf-results/blonde_dbdf_0_00.png used on input line 1133.
(pdftex.def)             Requested size: 123.33548pt x 123.33548pt.
 <dbdf-results/black_dbdf_0_00.png, id=229, 1027.84pt x 1027.84pt>
File: dbdf-results/black_dbdf_0_00.png Graphic file (type png)
 <use dbdf-results/black_dbdf_0_00.png>
Package pdftex.def Info: dbdf-results/black_dbdf_0_00.png used on input line 1133.
(pdftex.def)             Requested size: 123.33548pt x 123.33548pt.
 <dbdf-results/brown_dbdf_0_25.png, id=230, 1027.84pt x 1027.84pt>
File: dbdf-results/brown_dbdf_0_25.png Graphic file (type png)
 <use dbdf-results/brown_dbdf_0_25.png>
Package pdftex.def Info: dbdf-results/brown_dbdf_0_25.png used on input line 1134.
(pdftex.def)             Requested size: 123.33548pt x 123.33548pt.
 <dbdf-results/blonde_dbdf_0_25.png, id=231, 1027.84pt x 1027.84pt>
File: dbdf-results/blonde_dbdf_0_25.png Graphic file (type png)
 <use dbdf-results/blonde_dbdf_0_25.png>
Package pdftex.def Info: dbdf-results/blonde_dbdf_0_25.png used on input line 1134.
(pdftex.def)             Requested size: 123.33548pt x 123.33548pt.
 <dbdf-results/black_dbdf_0_25.png, id=232, 1027.84pt x 1027.84pt>
File: dbdf-results/black_dbdf_0_25.png Graphic file (type png)
 <use dbdf-results/black_dbdf_0_25.png>
Package pdftex.def Info: dbdf-results/black_dbdf_0_25.png used on input line 1134.
(pdftex.def)             Requested size: 123.33548pt x 123.33548pt.
 <dbdf-results/brown_dbdf_0_50.png, id=233, 1027.84pt x 1027.84pt>
File: dbdf-results/brown_dbdf_0_50.png Graphic file (type png)
 <use dbdf-results/brown_dbdf_0_50.png>
Package pdftex.def Info: dbdf-results/brown_dbdf_0_50.png used on input line 1135.
(pdftex.def)             Requested size: 123.33548pt x 123.33548pt.
 <dbdf-results/blonde_dbdf_0_50.png, id=234, 1027.84pt x 1027.84pt>
File: dbdf-results/blonde_dbdf_0_50.png Graphic file (type png)
 <use dbdf-results/blonde_dbdf_0_50.png>
Package pdftex.def Info: dbdf-results/blonde_dbdf_0_50.png used on input line 1135.
(pdftex.def)             Requested size: 123.33548pt x 123.33548pt.
 <dbdf-results/black_dbdf_0_50.png, id=235, 1027.84pt x 1027.84pt>
File: dbdf-results/black_dbdf_0_50.png Graphic file (type png)
 <use dbdf-results/black_dbdf_0_50.png>
Package pdftex.def Info: dbdf-results/black_dbdf_0_50.png used on input line 1135.
(pdftex.def)             Requested size: 123.33548pt x 123.33548pt.
 <dbdf-results/brown_dbdf_0_75.png, id=236, 1027.84pt x 1027.84pt>
File: dbdf-results/brown_dbdf_0_75.png Graphic file (type png)
 <use dbdf-results/brown_dbdf_0_75.png>
Package pdftex.def Info: dbdf-results/brown_dbdf_0_75.png used on input line 1136.
(pdftex.def)             Requested size: 123.33548pt x 123.33548pt.
 <dbdf-results/blonde_dbdf_0_75.png, id=237, 1027.84pt x 1027.84pt>
File: dbdf-results/blonde_dbdf_0_75.png Graphic file (type png)
 <use dbdf-results/blonde_dbdf_0_75.png>
Package pdftex.def Info: dbdf-results/blonde_dbdf_0_75.png used on input line 1136.
(pdftex.def)             Requested size: 123.33548pt x 123.33548pt.
 <dbdf-results/black_dbdf_0_75.png, id=238, 1027.84pt x 1027.84pt>
File: dbdf-results/black_dbdf_0_75.png Graphic file (type png)
 <use dbdf-results/black_dbdf_0_75.png>
Package pdftex.def Info: dbdf-results/black_dbdf_0_75.png used on input line 1136.
(pdftex.def)             Requested size: 123.33548pt x 123.33548pt.
 <dbdf-results/brown_dbdf_1_00.png, id=239, 1027.84pt x 1027.84pt>
File: dbdf-results/brown_dbdf_1_00.png Graphic file (type png)
 <use dbdf-results/brown_dbdf_1_00.png>
Package pdftex.def Info: dbdf-results/brown_dbdf_1_00.png used on input line 1137.
(pdftex.def)             Requested size: 123.33548pt x 123.33548pt.
 <dbdf-results/blonde_dbdf_1_00.png, id=240, 1027.84pt x 1027.84pt>
File: dbdf-results/blonde_dbdf_1_00.png Graphic file (type png)
 <use dbdf-results/blonde_dbdf_1_00.png>
Package pdftex.def Info: dbdf-results/blonde_dbdf_1_00.png used on input line 1137.
(pdftex.def)             Requested size: 123.33548pt x 123.33548pt.
 <dbdf-results/black_dbdf_1_00.png, id=241, 1027.84pt x 1027.84pt>
File: dbdf-results/black_dbdf_1_00.png Graphic file (type png)
 <use dbdf-results/black_dbdf_1_00.png>
Package pdftex.def Info: dbdf-results/black_dbdf_1_00.png used on input line 1137.
(pdftex.def)             Requested size: 123.33548pt x 123.33548pt.

Overfull \hbox (29.36435pt too wide) in paragraph at lines 1132--1140
[][] 
 []


LaTeX Warning: Float too large for page by 82.40994pt on input line 1142.


LaTeX Warning: `h' float specifier changed to `ht'.


LaTeX Warning: Reference `fig_variance_outline' on page 49 undefined on input line 1148.

<variance-results/outline_hint.png, id=242, 1027.84pt x 1027.84pt>
File: variance-results/outline_hint.png Graphic file (type png)
 <use variance-results/outline_hint.png>
Package pdftex.def Info: variance-results/outline_hint.png used on input line 1152.
(pdftex.def)             Requested size: 205.56436pt x 205.56436pt.


LaTeX Warning: Reference `table_relative_variance' on page 49 undefined on input line 1160.

[49]

LaTeX Warning: Reference `fig_side_by_side' on page 50 undefined on input line 1185.

<variance-results/un1.png, id=246, 301.125pt x 100.375pt>
File: variance-results/un1.png Graphic file (type png)
 <use variance-results/un1.png>
Package pdftex.def Info: variance-results/un1.png used on input line 1196.
(pdftex.def)             Requested size: 171.64302pt x 57.21432pt.
 <variance-results/is1.png, id=247, 301.125pt x 100.375pt>
File: variance-results/is1.png Graphic file (type png)
 <use variance-results/is1.png>
Package pdftex.def Info: variance-results/is1.png used on input line 1196.
(pdftex.def)             Requested size: 171.64302pt x 57.21432pt.
 <variance-results/un2.png, id=248, 301.125pt x 100.375pt>
File: variance-results/un2.png Graphic file (type png)
 <use variance-results/un2.png>
Package pdftex.def Info: variance-results/un2.png used on input line 1196.
(pdftex.def)             Requested size: 171.64302pt x 57.21432pt.
 <variance-results/is2.png, id=249, 301.125pt x 100.375pt>
File: variance-results/is2.png Graphic file (type png)
 <use variance-results/is2.png>
Package pdftex.def Info: variance-results/is2.png used on input line 1196.
(pdftex.def)             Requested size: 171.64302pt x 57.21432pt.
 <variance-results/un4.png, id=250, 301.125pt x 100.375pt>
File: variance-results/un4.png Graphic file (type png)
 <use variance-results/un4.png>
Package pdftex.def Info: variance-results/un4.png used on input line 1197.
(pdftex.def)             Requested size: 171.64302pt x 57.21432pt.
 <variance-results/is4.png, id=251, 301.125pt x 100.375pt>
File: variance-results/is4.png Graphic file (type png)
 <use variance-results/is4.png>
Package pdftex.def Info: variance-results/is4.png used on input line 1197.
(pdftex.def)             Requested size: 171.64302pt x 57.21432pt.
 <variance-results/un8.png, id=252, 301.125pt x 100.375pt>
File: variance-results/un8.png Graphic file (type png)
 <use variance-results/un8.png>
Package pdftex.def Info: variance-results/un8.png used on input line 1198.
(pdftex.def)             Requested size: 171.64302pt x 57.21432pt.
 <variance-results/is8.png, id=253, 301.125pt x 100.375pt>
File: variance-results/is8.png Graphic file (type png)
 <use variance-results/is8.png>
Package pdftex.def Info: variance-results/is8.png used on input line 1198.
(pdftex.def)             Requested size: 171.64302pt x 57.21432pt.
 <variance-results/un16.png, id=254, 301.125pt x 100.375pt>
File: variance-results/un16.png Graphic file (type png)
 <use variance-results/un16.png>
Package pdftex.def Info: variance-results/un16.png used on input line 1199.
(pdftex.def)             Requested size: 171.64302pt x 57.21432pt.
 <variance-results/is16.png, id=255, 301.125pt x 100.375pt>
File: variance-results/is16.png Graphic file (type png)
 <use variance-results/is16.png>
Package pdftex.def Info: variance-results/is16.png used on input line 1199.
(pdftex.def)             Requested size: 171.64302pt x 57.21432pt.
 <variance-results/un32.png, id=256, 301.125pt x 100.375pt>
File: variance-results/un32.png Graphic file (type png)
 <use variance-results/un32.png>
Package pdftex.def Info: variance-results/un32.png used on input line 1200.
(pdftex.def)             Requested size: 171.64302pt x 57.21432pt.
 <variance-results/is32.png, id=257, 301.125pt x 100.375pt>
File: variance-results/is32.png Graphic file (type png)
 <use variance-results/is32.png>
Package pdftex.def Info: variance-results/is32.png used on input line 1200.
(pdftex.def)             Requested size: 171.64302pt x 57.21432pt.
 <variance-results/un64.png, id=258, 301.125pt x 100.375pt>
File: variance-results/un64.png Graphic file (type png)
 <use variance-results/un64.png>
Package pdftex.def Info: variance-results/un64.png used on input line 1201.
(pdftex.def)             Requested size: 171.64302pt x 57.21432pt.
 <variance-results/is64.png, id=259, 301.125pt x 100.375pt>
File: variance-results/is64.png Graphic file (type png)
 <use variance-results/is64.png>
Package pdftex.def Info: variance-results/is64.png used on input line 1201.
(pdftex.def)             Requested size: 171.64302pt x 57.21432pt.
 <variance-results/un128.png, id=260, 301.125pt x 100.375pt>
File: variance-results/un128.png Graphic file (type png)
 <use variance-results/un128.png>
Package pdftex.def Info: variance-results/un128.png used on input line 1202.
(pdftex.def)             Requested size: 171.64302pt x 57.21432pt.
 <variance-results/is128.png, id=261, 301.125pt x 100.375pt>
File: variance-results/is128.png Graphic file (type png)
 <use variance-results/is128.png>
Package pdftex.def Info: variance-results/is128.png used on input line 1202.
(pdftex.def)             Requested size: 171.64302pt x 57.21432pt.
 <variance-results/un256.png, id=262, 301.125pt x 100.375pt>
File: variance-results/un256.png Graphic file (type png)
 <use variance-results/un256.png>
Package pdftex.def Info: variance-results/un256.png used on input line 1203.
(pdftex.def)             Requested size: 171.64302pt x 57.21432pt.
 <variance-results/is256.png, id=263, 301.125pt x 100.375pt>
File: variance-results/is256.png Graphic file (type png)
 <use variance-results/is256.png>
Package pdftex.def Info: variance-results/is256.png used on input line 1203.
(pdftex.def)             Requested size: 171.64302pt x 57.21432pt.
 <variance-results/un512.png, id=264, 301.125pt x 100.375pt>
File: variance-results/un512.png Graphic file (type png)
 <use variance-results/un512.png>
Package pdftex.def Info: variance-results/un512.png used on input line 1204.
(pdftex.def)             Requested size: 171.64302pt x 57.21432pt.
 <variance-results/is512.png, id=265, 301.125pt x 100.375pt>
File: variance-results/is512.png Graphic file (type png)
 <use variance-results/is512.png>
Package pdftex.def Info: variance-results/is512.png used on input line 1204.
(pdftex.def)             Requested size: 171.64302pt x 57.21432pt.


LaTeX Warning: Float too large for page by 55.84428pt on input line 1211.

[50]

LaTeX Warning: Reference `fig_sidebyside_converged' on page 51 undefined on input line 1220.


LaTeX Warning: Citation `eon2011' on page 51 undefined on input line 1220.


LaTeX Warning: Reference `fig_side_by_side' on page 51 undefined on input line 1222.


LaTeX Warning: Reference `table_variance_to_groundtruth' on page 51 undefined on input line 1222.


LaTeX Warning: Reference `fig_variance_plot' on page 51 undefined on input line 1222.

<variance-results/uniform512.png, id=269, 1027.84pt x 1027.84pt>
File: variance-results/uniform512.png Graphic file (type png)
 <use variance-results/uniform512.png>
Package pdftex.def Info: variance-results/uniform512.png used on input line 1228.
(pdftex.def)             Requested size: 174.73048pt x 174.73048pt.
 <variance-results/deon512.png, id=270, 1027.84pt x 1027.84pt>
File: variance-results/deon512.png Graphic file (type png)
 <use variance-results/deon512.png>
Package pdftex.def Info: variance-results/deon512.png used on input line 1228.
(pdftex.def)             Requested size: 174.73048pt x 174.73048pt.

Overfull \hbox (13.46097pt too wide) in paragraph at lines 1227--1231
 [] 
 []


LaTeX Warning: Reference `fig_variance_plot' on page 51 undefined on input line 1252.


LaTeX Warning: Reference `fig_variance_plot' on page 51 undefined on input line 1252.

<variance-results/variance-plot.png, id=271, 882.4167pt x 572.3784pt>
File: variance-results/variance-plot.png Graphic file (type png)
 <use variance-results/variance-plot.png>
Package pdftex.def Info: variance-results/variance-plot.png used on input line 1294.
(pdftex.def)             Requested size: 352.96043pt x 228.9473pt.


LaTeX Warning: Reference `table_variance_to_groundtruth' on page 51 undefined on input line 1296.


LaTeX Warning: Reference `table_variance_to_groundtruth' on page 51 undefined on input line 1296.


LaTeX Warning: `h' float specifier changed to `ht'.


LaTeX Warning: Reference `fig_side_by_side' on page 51 undefined on input line 1304.

[51] [52] [53 </media/jeffrey/hdd1/dev/hair-rendering-thesis/docs/tmp/Thesis 16 aug 2016/thesis/realworld/officesquare/deon_blonde1_32.png (PNG copy)> </media/jeffrey/hdd1/dev/hair-rendering-thesis/docs/tmp/Thesis 16 aug 2016/thesis/realworld/officesquare/uniform_blonde1_32.png (PNG copy)> </media/jeffrey/hdd1/dev/hair-rendering-thesis/docs/tmp/Thesis 16 aug 2016/thesis/realworld/officesquare/deon_black1_32.png (PNG copy)> </media/jeffrey/hdd1/dev/hair-rendering-thesis/docs/tmp/Thesis 16 aug 2016/thesis/realworld/officesquare/uniform_black1_32.png (PNG copy)> </media/jeffrey/hdd1/dev/hair-rendering-thesis/docs/tmp/Thesis 16 aug 2016/thesis/realworld/officesquare/deon_brown2_32.png (PNG copy)> </media/jeffrey/hdd1/dev/hair-rendering-thesis/docs/tmp/Thesis 16 aug 2016/thesis/realworld/officesquare/uniform_brown2_32.png (PNG copy)>] [54 </media/jeffrey/hdd1/dev/hair-rendering-thesis/docs/tmp/Thesis 16 aug 2016/thesis/realworld/venice/deon_blonde1_32.png (PNG copy)> </media/jeffrey/hdd1/dev/hair-rendering-thesis/docs/tmp/Thesis 16 aug 2016/thesis/realworld/venice/uniform_blonde1_32.png (PNG copy)> </media/jeffrey/hdd1/dev/hair-rendering-thesis/docs/tmp/Thesis 16 aug 2016/thesis/realworld/venice/deon_black1_32.png (PNG copy)> </media/jeffrey/hdd1/dev/hair-rendering-thesis/docs/tmp/Thesis 16 aug 2016/thesis/realworld/venice/uniform_black1_32.png (PNG copy)> </media/jeffrey/hdd1/dev/hair-rendering-thesis/docs/tmp/Thesis 16 aug 2016/thesis/realworld/venice/deon_brown2_32.png (PNG copy)> </media/jeffrey/hdd1/dev/hair-rendering-thesis/docs/tmp/Thesis 16 aug 2016/thesis/realworld/venice/uniform_brown2_32.png (PNG copy)>] [55 </media/jeffrey/hdd1/dev/hair-rendering-thesis/docs/tmp/Thesis 16 aug 2016/thesis/realworld/subway/deon_blonde1_32.png (PNG copy)> </media/jeffrey/hdd1/dev/hair-rendering-thesis/docs/tmp/Thesis 16 aug 2016/thesis/realworld/subway/uniform_blonde1_32.png (PNG copy)> </media/jeffrey/hdd1/dev/hair-rendering-thesis/docs/tmp/Thesis 16 aug 2016/thesis/realworld/subway/deon_black1_32.png (PNG copy)> </media/jeffrey/hdd1/dev/hair-rendering-thesis/docs/tmp/Thesis 16 aug 2016/thesis/realworld/subway/uniform_black1_32.png (PNG copy)> </media/jeffrey/hdd1/dev/hair-rendering-thesis/docs/tmp/Thesis 16 aug 2016/thesis/realworld/subway/deon_brown2_32.png (PNG copy)> </media/jeffrey/hdd1/dev/hair-rendering-thesis/docs/tmp/Thesis 16 aug 2016/thesis/realworld/subway/uniform_brown2_32.png (PNG copy)>] [56 </media/jeffrey/hdd1/dev/hair-rendering-thesis/docs/tmp/Thesis 16 aug 2016/thesis/dbdf-results/brown_dbdf_0_00.png (PNG copy)> </media/jeffrey/hdd1/dev/hair-rendering-thesis/docs/tmp/Thesis 16 aug 2016/thesis/dbdf-results/blonde_dbdf_0_00.png (PNG copy)> </media/jeffrey/hdd1/dev/hair-rendering-thesis/docs/tmp/Thesis 16 aug 2016/thesis/dbdf-results/black_dbdf_0_00.png (PNG copy)> </media/jeffrey/hdd1/dev/hair-rendering-thesis/docs/tmp/Thesis 16 aug 2016/thesis/dbdf-results/brown_dbdf_0_25.png (PNG copy)> </media/jeffrey/hdd1/dev/hair-rendering-thesis/docs/tmp/Thesis 16 aug 2016/thesis/dbdf-results/blonde_dbdf_0_25.png (PNG copy)> </media/jeffrey/hdd1/dev/hair-rendering-thesis/docs/tmp/Thesis 16 aug 2016/thesis/dbdf-results/black_dbdf_0_25.png (PNG copy)> </media/jeffrey/hdd1/dev/hair-rendering-thesis/docs/tmp/Thesis 16 aug 2016/thesis/dbdf-results/brown_dbdf_0_50.png (PNG copy)> </media/jeffrey/hdd1/dev/hair-rendering-thesis/docs/tmp/Thesis 16 aug 2016/thesis/dbdf-results/blonde_dbdf_0_50.png (PNG copy)> </media/jeffrey/hdd1/dev/hair-rendering-thesis/docs/tmp/Thesis 16 aug 2016/thesis/dbdf-results/black_dbdf_0_50.png (PNG copy)> </media/jeffrey/hdd1/dev/hair-rendering-thesis/docs/tmp/Thesis 16 aug 2016/thesis/dbdf-results/brown_dbdf_0_75.png (PNG copy)> </media/jeffrey/hdd1/dev/hair-rendering-thesis/docs/tmp/Thesis 16 aug 2016/thesis/dbdf-results/blonde_dbdf_0_75.png (PNG copy)> </media/jeffrey/hdd1/dev/hair-rendering-thesis/docs/tmp/Thesis 16 aug 2016/thesis/dbdf-results/black_dbdf_0_75.png (PNG copy)> </media/jeffrey/hdd1/dev/hair-rendering-thesis/docs/tmp/Thesis 16 aug 2016/thesis/dbdf-results/brown_dbdf_1_00.png (PNG copy)> </media/jeffrey/hdd1/dev/hair-rendering-thesis/docs/tmp/Thesis 16 aug 2016/thesis/dbdf-results/blonde_dbdf_1_00.png (PNG copy)> </media/jeffrey/hdd1/dev/hair-rendering-thesis/docs/tmp/Thesis 16 aug 2016/thesis/dbdf-results/black_dbdf_1_00.png (PNG copy)>] [57 </media/jeffrey/hdd1/dev/hair-rendering-thesis/docs/tmp/Thesis 16 aug 2016/thesis/variance-results/outline_hint.png>] [58 </media/jeffrey/hdd1/dev/hair-rendering-thesis/docs/tmp/Thesis 16 aug 2016/thesis/variance-results/un1.png> </media/jeffrey/hdd1/dev/hair-rendering-thesis/docs/tmp/Thesis 16 aug 2016/thesis/variance-results/is1.png> </media/jeffrey/hdd1/dev/hair-rendering-thesis/docs/tmp/Thesis 16 aug 2016/thesis/variance-results/un2.png> </media/jeffrey/hdd1/dev/hair-rendering-thesis/docs/tmp/Thesis 16 aug 2016/thesis/variance-results/is2.png> </media/jeffrey/hdd1/dev/hair-rendering-thesis/docs/tmp/Thesis 16 aug 2016/thesis/variance-results/un4.png> </media/jeffrey/hdd1/dev/hair-rendering-thesis/docs/tmp/Thesis 16 aug 2016/thesis/variance-results/is4.png> </media/jeffrey/hdd1/dev/hair-rendering-thesis/docs/tmp/Thesis 16 aug 2016/thesis/variance-results/un8.png> </media/jeffrey/hdd1/dev/hair-rendering-thesis/docs/tmp/Thesis 16 aug 2016/thesis/variance-results/is8.png> </media/jeffrey/hdd1/dev/hair-rendering-thesis/docs/tmp/Thesis 16 aug 2016/thesis/variance-results/un16.png> </media/jeffrey/hdd1/dev/hair-rendering-thesis/docs/tmp/Thesis 16 aug 2016/thesis/variance-results/is16.png> </media/jeffrey/hdd1/dev/hair-rendering-thesis/docs/tmp/Thesis 16 aug 2016/thesis/variance-results/un32.png> </media/jeffrey/hdd1/dev/hair-rendering-thesis/docs/tmp/Thesis 16 aug 2016/thesis/variance-results/is32.png> </media/jeffrey/hdd1/dev/hair-rendering-thesis/docs/tmp/Thesis 16 aug 2016/thesis/variance-results/un64.png> </media/jeffrey/hdd1/dev/hair-rendering-thesis/docs/tmp/Thesis 16 aug 2016/thesis/variance-results/is64.png> </media/jeffrey/hdd1/dev/hair-rendering-thesis/docs/tmp/Thesis 16 aug 2016/thesis/variance-results/un128.png> </media/jeffrey/hdd1/dev/hair-rendering-thesis/docs/tmp/Thesis 16 aug 2016/thesis/variance-results/is128.png> </media/jeffrey/hdd1/dev/hair-rendering-thesis/docs/tmp/Thesis 16 aug 2016/thesis/variance-results/un256.png> </media/jeffrey/hdd1/dev/hair-rendering-thesis/docs/tmp/Thesis 16 aug 2016/thesis/variance-results/is256.png> </media/jeffrey/hdd1/dev/hair-rendering-thesis/docs/tmp/Thesis 16 aug 2016/thesis/variance-results/un512.png> </media/jeffrey/hdd1/dev/hair-rendering-thesis/docs/tmp/Thesis 16 aug 2016/thesis/variance-results/is512.png>] [59 </media/jeffrey/hdd1/dev/hair-rendering-thesis/docs/tmp/Thesis 16 aug 2016/thesis/variance-results/uniform512.png (PNG copy)> </media/jeffrey/hdd1/dev/hair-rendering-thesis/docs/tmp/Thesis 16 aug 2016/thesis/variance-results/deon512.png (PNG copy)> </media/jeffrey/hdd1/dev/hair-rendering-thesis/docs/tmp/Thesis 16 aug 2016/thesis/variance-results/variance-plot.png>]
Chapter 7.

LaTeX Warning: Citation `eon2011' on page 60 undefined on input line 1316.


LaTeX Warning: Citation `deon2011' on page 60 undefined on input line 1318.


LaTeX Warning: Citation `sadeghi2010' on page 60 undefined on input line 1318.


LaTeX Warning: Citation `zinke' on page 60 undefined on input line 1320.

[60

]

LaTeX Warning: Citation `eon2011' on page 61 undefined on input line 1322.

No file thesis.bbl.
[61] (/media/jeffrey/hdd1/dev/hair-rendering-thesis/docs/tmp/Thesis 16 aug 2016/thesis/thesis.aux)

LaTeX Warning: There were undefined references.


LaTeX Warning: Label(s) may have changed. Rerun to get cross-references right.

 ) 
Here is how much of TeX's memory you used:
 3983 strings out of 493029
 57865 string characters out of 6136234
 112300 words of memory out of 5000000
 7350 multiletter control sequences out of 15000+600000
 31120 words of font info for 76 fonts, out of 8000000 for 9000
 1141 hyphenation exceptions out of 8191
 37i,12n,24p,1068b,354s stack positions out of 5000i,500n,10000p,200000b,80000s
{/usr/share/texmf/fonts/enc/dvips/cm-super/cm-super-t1.enc}{/usr/share/texmf/fonts/enc/dvips/cm-super/cm-super-ts1.enc}</usr/share/texlive/texmf-dist/fonts/type1/public/amsfonts/cm/cmex10.pfb></usr/share/texlive/texmf-dist/fonts/type1/public/amsfonts/cm/cmmi10.pfb></usr/share/texlive/texmf-dist/fonts/type1/public/amsfonts/cm/cmmi6.pfb></usr/share/texlive/texmf-dist/fonts/type1/public/amsfonts/cm/cmmi8.pfb></usr/share/texlive/texmf-dist/fonts/type1/public/amsfonts/cm/cmr10.pfb></usr/share/texlive/texmf-dist/fonts/type1/public/amsfonts/cm/cmr12.pfb></usr/share/texlive/texmf-dist/fonts/type1/public/amsfonts/cm/cmr6.pfb></usr/share/texlive/texmf-dist/fonts/type1/public/amsfonts/cm/cmr8.pfb></usr/share/texlive/texmf-dist/fonts/type1/public/amsfonts/cm/cmsy10.pfb></usr/share/texlive/texmf-dist/fonts/type1/public/amsfonts/cm/cmsy6.pfb></usr/share/texlive/texmf-dist/fonts/type1/public/amsfonts/cm/cmsy8.pfb></usr/share/texmf/fonts/type1/public/cm-super/sfbx1095.pfb></usr/share/texmf/fonts/type1/public/cm-super/sfbx1200.pfb></usr/share/texmf/fonts/type1/public/cm-super/sfbx1440.pfb></usr/share/texmf/fonts/type1/public/cm-super/sfbx2074.pfb></usr/share/texmf/fonts/type1/public/cm-super/sfbx2488.pfb></usr/share/texmf/fonts/type1/public/cm-super/sfcc0800.pfb></usr/share/texmf/fonts/type1/public/cm-super/sfcc1200.pfb></usr/share/texmf/fonts/type1/public/cm-super/sfcc1440.pfb></usr/share/texmf/fonts/type1/public/cm-super/sfcc1728.pfb></usr/share/texmf/fonts/type1/public/cm-super/sfrm0600.pfb></usr/share/texmf/fonts/type1/public/cm-super/sfrm0800.pfb></usr/share/texmf/fonts/type1/public/cm-super/sfrm0900.pfb></usr/share/texmf/fonts/type1/public/cm-super/sfrm1095.pfb></usr/share/texmf/fonts/type1/public/cm-super/sfrm1200.pfb></usr/share/texmf/fonts/type1/public/cm-super/sfss1095.pfb></usr/share/texmf/fonts/type1/public/cm-super/sfti1200.pfb>
Output written on "/media/jeffrey/hdd1/dev/hair-rendering-thesis/docs/tmp/Thesis 16 aug 2016/thesis/thesis.pdf" (63 pages, 47232757 bytes).
PDF statistics:
 419 PDF objects out of 1000 (max. 8388607)
 227 compressed objects within 3 object streams
 0 named destinations out of 1000 (max. 500000)
 346 words of extra memory for PDF output out of 10000 (max. 10000000)

